[debug] [2020-01-29T14:43:47.328Z] ----------------------------------------------------------------------
[debug] [2020-01-29T14:43:47.329Z] Command:       /usr/local/Cellar/node/12.8.1/bin/node /usr/local/bin/firebase deploy --only functions
[debug] [2020-01-29T14:43:47.329Z] CLI Version:   7.3.0
[debug] [2020-01-29T14:43:47.330Z] Platform:      darwin
[debug] [2020-01-29T14:43:47.330Z] Node Version:  v12.8.1
[debug] [2020-01-29T14:43:47.330Z] Time:          Wed Jan 29 2020 07:43:47 GMT-0700 (Mountain Standard Time)
[debug] [2020-01-29T14:43:47.330Z] ----------------------------------------------------------------------
[debug] 
[debug] [2020-01-29T14:43:47.335Z] > command requires scopes: ["email","openid","https://www.googleapis.com/auth/cloudplatformprojects.readonly","https://www.googleapis.com/auth/firebase","https://www.googleapis.com/auth/cloud-platform"]
[debug] [2020-01-29T14:43:47.336Z] > authorizing via signed-in user
[debug] [2020-01-29T14:43:47.336Z] [iam] checking project bransonpaintpros-com for permissions ["cloudfunctions.functions.create","cloudfunctions.functions.delete","cloudfunctions.functions.get","cloudfunctions.functions.list","cloudfunctions.functions.update","cloudfunctions.operations.get","firebase.projects.get"]
[debug] [2020-01-29T14:43:47.337Z] >>> HTTP REQUEST POST https://cloudresourcemanager.googleapis.com/v1/projects/bransonpaintpros-com:testIamPermissions  

[debug] [2020-01-29T14:43:47.562Z] <<< HTTP RESPONSE 200
[info] 
[info] === Deploying to 'bransonpaintpros-com'...
[info] 
[info] i  deploying functions
[debug] [2020-01-29T14:43:48.426Z] > [functions] package.json contents: {
  "name": "functions",
  "description": "Cloud Functions for Firebase",
  "scripts": {
    "serve": "firebase serve --only functions",
    "shell": "firebase functions:shell",
    "start": "npm run shell",
    "deploy": "firebase deploy --only functions",
    "logs": "firebase functions:log"
  },
  "engines": {
    "node": "8"
  },
  "dependencies": {
    "@sendgrid/mail": "^6.5.1",
    "cors": "^2.8.5",
    "firebase-admin": "^8.0.0",
    "firebase-functions": "^3.1.0"
  },
  "devDependencies": {
    "firebase-functions-test": "^0.1.6"
  },
  "private": true
}
[info] i  functions: ensuring necessary APIs are enabled...
[debug] [2020-01-29T14:43:48.427Z] >>> HTTP REQUEST GET https://serviceusage.googleapis.com/v1/projects/bransonpaintpros-com/services/cloudfunctions.googleapis.com  
 
[debug] [2020-01-29T14:43:48.428Z] >>> HTTP REQUEST GET https://serviceusage.googleapis.com/v1/projects/bransonpaintpros-com/services/runtimeconfig.googleapis.com  
 
[debug] [2020-01-29T14:43:48.654Z] <<< HTTP RESPONSE 200
[debug] [2020-01-29T14:43:48.683Z] <<< HTTP RESPONSE 200
[info] ✔  functions: all necessary APIs are enabled
[debug] [2020-01-29T14:43:48.684Z] >>> HTTP REQUEST GET https://firebase.googleapis.com/v1beta1/projects/bransonpaintpros-com/adminSdkConfig  
 
[debug] [2020-01-29T14:43:48.803Z] <<< HTTP RESPONSE 200
[info] i  functions: preparing functions directory for uploading...
[debug] [2020-01-29T14:43:48.805Z] >>> HTTP REQUEST GET https://runtimeconfig.googleapis.com/v1beta1/projects/bransonpaintpros-com/configs  
 
[debug] [2020-01-29T14:43:48.981Z] <<< HTTP RESPONSE 200
[info] i  functions: packaged functions (31.62 KB) for uploading
[debug] [2020-01-29T14:43:49.229Z] >>> HTTP REQUEST POST https://cloudfunctions.googleapis.com/v1/projects/bransonpaintpros-com/locations/us-central1/functions:generateUploadUrl  
 
[debug] [2020-01-29T14:43:49.746Z] <<< HTTP RESPONSE 200
[debug] [2020-01-29T14:43:49.746Z] >>> HTTP REQUEST PUT https://storage.googleapis.com/gcf-upload-us-central1-d91d9494-cadd-4be0-8cbe-fa06c8a00c93/5308572f-2db5-4ab7-b586-a342646f0a7a.zip?GoogleAccessId=service-215825672685@gcf-admin-robot.iam.gserviceaccount.com&Expires=1580310829&Signature=AX4FOEeTCDMcss6RxbfVHcrRZpTiXC1pr4UBM4LoFf4buxiSvWhljC%2BOxtUs6LhowpTf0R3m9mjfleo5dEsBUY1gq%2F9J24xxxdf6yxug8XkYBM3%2Bm8ZZCETXVeGuvhYrQWfn20w1Gd5KpLE5UyHBwIIKvjhEYvScJKAyhUpYvo78IePYkj0TKUC2CHfKelgjTKFh5DFI1tCI%2BSYwXYFg84r6N2prJ7aWsVW692gYAYNVMDsZ0xI3owVS7%2B3GDzxURIy%2FPbyN6B09ezLHY%2BR1DiGSGpZjC%2BkZdW71NfsyblRyzjBLsVkMISF0Q8pzKNxdiMOwKqCMuG%2BEAM4a8u2Ycw%3D%3D  
 <request body omitted>
[debug] [2020-01-29T14:43:49.923Z] <<< HTTP RESPONSE 200
[info] ✔  functions: functions folder uploaded successfully
[debug] [2020-01-29T14:43:49.926Z] >>> HTTP REQUEST GET https://cloudfunctions.googleapis.com/v1/projects/bransonpaintpros-com/locations/-/functions  
 
[debug] [2020-01-29T14:43:50.235Z] <<< HTTP RESPONSE 200
[info] i  functions: updating Node.js 8 function sendQuoteToBret(us-central1)...
[debug] [2020-01-29T14:43:50.237Z] Trigger is:  {"httpsTrigger":{}}
[info] i  functions: updating Node.js 8 function test(us-central1)...
[debug] [2020-01-29T14:43:50.238Z] Trigger is:  {"httpsTrigger":{}}
[debug] [2020-01-29T14:43:50.239Z] >>> HTTP REQUEST GET https://serviceusage.googleapis.com/v1/projects/bransonpaintpros-com/services/cloudscheduler.googleapis.com  
 
[debug] [2020-01-29T14:43:50.457Z] <<< HTTP RESPONSE 200
[debug] [2020-01-29T14:43:50.458Z] >>> HTTP REQUEST PATCH https://cloudfunctions.googleapis.com/v1/projects/bransonpaintpros-com/locations/us-central1/functions/sendQuoteToBret {"updateMask":"sourceUploadUrl,name,labels,runtime,httpsTrigger"} 

[debug] [2020-01-29T14:43:50.460Z] >>> HTTP REQUEST PATCH https://cloudfunctions.googleapis.com/v1/projects/bransonpaintpros-com/locations/us-central1/functions/test {"updateMask":"sourceUploadUrl,name,labels,runtime,httpsTrigger"} 

[debug] [2020-01-29T14:43:50.967Z] <<< HTTP RESPONSE 200
[debug] [2020-01-29T14:43:50.968Z] <<< HTTP RESPONSE 200
[debug] [2020-01-29T14:43:50.969Z] >>> HTTP REQUEST GET https://cloudfunctions.googleapis.com/v1/projects/bransonpaintpros-com/locations/-/functions  
 
[debug] [2020-01-29T14:43:51.379Z] <<< HTTP RESPONSE 200
[debug] [2020-01-29T14:43:51.381Z] >>> HTTP REQUEST GET https://cloudfunctions.googleapis.com/v1/operations/YnJhbnNvbnBhaW50cHJvcy1jb20vdXMtY2VudHJhbDEvc2VuZFF1b3RlVG9CcmV0L3I1eWxFMTFYU25N  
 
[debug] [2020-01-29T14:43:51.381Z] >>> HTTP REQUEST GET https://cloudfunctions.googleapis.com/v1/operations/YnJhbnNvbnBhaW50cHJvcy1jb20vdXMtY2VudHJhbDEvdGVzdC84WWp2eGRYekRCdw  
 
[debug] [2020-01-29T14:43:51.502Z] <<< HTTP RESPONSE 200
[debug] [2020-01-29T14:43:51.507Z] <<< HTTP RESPONSE 200
[debug] [2020-01-29T14:43:53.509Z] >>> HTTP REQUEST GET https://cloudfunctions.googleapis.com/v1/operations/YnJhbnNvbnBhaW50cHJvcy1jb20vdXMtY2VudHJhbDEvc2VuZFF1b3RlVG9CcmV0L3I1eWxFMTFYU25N  
 
[debug] [2020-01-29T14:43:53.509Z] >>> HTTP REQUEST GET https://cloudfunctions.googleapis.com/v1/operations/YnJhbnNvbnBhaW50cHJvcy1jb20vdXMtY2VudHJhbDEvdGVzdC84WWp2eGRYekRCdw  
 
[debug] [2020-01-29T14:43:53.632Z] <<< HTTP RESPONSE 200
[debug] [2020-01-29T14:43:53.633Z] <<< HTTP RESPONSE 200
[debug] [2020-01-29T14:44:23.979Z] ----------------------------------------------------------------------
[debug] [2020-01-29T14:44:23.981Z] Command:       /usr/local/Cellar/node/12.8.1/bin/node /usr/local/bin/firebase deploy --only functions
[debug] [2020-01-29T14:44:23.981Z] CLI Version:   7.3.0
[debug] [2020-01-29T14:44:23.981Z] Platform:      darwin
[debug] [2020-01-29T14:44:23.981Z] Node Version:  v12.8.1
[debug] [2020-01-29T14:44:23.982Z] Time:          Wed Jan 29 2020 07:44:23 GMT-0700 (Mountain Standard Time)
[debug] [2020-01-29T14:44:23.982Z] ----------------------------------------------------------------------
[debug] 
[debug] [2020-01-29T14:44:23.987Z] > command requires scopes: ["email","openid","https://www.googleapis.com/auth/cloudplatformprojects.readonly","https://www.googleapis.com/auth/firebase","https://www.googleapis.com/auth/cloud-platform"]
[debug] [2020-01-29T14:44:23.987Z] > authorizing via signed-in user
[debug] [2020-01-29T14:44:23.987Z] [iam] checking project bransonpaintpros-com for permissions ["cloudfunctions.functions.create","cloudfunctions.functions.delete","cloudfunctions.functions.get","cloudfunctions.functions.list","cloudfunctions.functions.update","cloudfunctions.operations.get","firebase.projects.get"]
[debug] [2020-01-29T14:44:23.988Z] >>> HTTP REQUEST POST https://cloudresourcemanager.googleapis.com/v1/projects/bransonpaintpros-com:testIamPermissions  

[debug] [2020-01-29T14:44:24.316Z] <<< HTTP RESPONSE 200
[info] 
[info] === Deploying to 'bransonpaintpros-com'...
[info] 
[info] i  deploying functions
[debug] [2020-01-29T14:44:25.585Z] > [functions] package.json contents: {
  "name": "functions",
  "description": "Cloud Functions for Firebase",
  "scripts": {
    "serve": "firebase serve --only functions",
    "shell": "firebase functions:shell",
    "start": "npm run shell",
    "deploy": "firebase deploy --only functions",
    "logs": "firebase functions:log"
  },
  "engines": {
    "node": "8"
  },
  "dependencies": {
    "@sendgrid/mail": "^6.5.1",
    "cors": "^2.8.5",
    "firebase-admin": "^8.0.0",
    "firebase-functions": "^3.1.0"
  },
  "devDependencies": {
    "firebase-functions-test": "^0.1.6"
  },
  "private": true
}
[info] i  functions: ensuring necessary APIs are enabled...
[debug] [2020-01-29T14:44:25.586Z] >>> HTTP REQUEST GET https://serviceusage.googleapis.com/v1/projects/bransonpaintpros-com/services/cloudfunctions.googleapis.com  
 
[debug] [2020-01-29T14:44:25.587Z] >>> HTTP REQUEST GET https://serviceusage.googleapis.com/v1/projects/bransonpaintpros-com/services/runtimeconfig.googleapis.com  
 
[debug] [2020-01-29T14:44:26.069Z] <<< HTTP RESPONSE 200
[debug] [2020-01-29T14:44:26.398Z] <<< HTTP RESPONSE 200
[info] ✔  functions: all necessary APIs are enabled
[debug] [2020-01-29T14:44:26.399Z] >>> HTTP REQUEST GET https://firebase.googleapis.com/v1beta1/projects/bransonpaintpros-com/adminSdkConfig  
 
[debug] [2020-01-29T14:44:26.915Z] <<< HTTP RESPONSE 200
[info] i  functions: preparing functions directory for uploading...
[debug] [2020-01-29T14:44:26.918Z] >>> HTTP REQUEST GET https://runtimeconfig.googleapis.com/v1beta1/projects/bransonpaintpros-com/configs  
 
[debug] [2020-01-29T14:44:27.231Z] <<< HTTP RESPONSE 200
[info] i  functions: packaged functions (31.62 KB) for uploading
[debug] [2020-01-29T14:44:27.441Z] >>> HTTP REQUEST POST https://cloudfunctions.googleapis.com/v1/projects/bransonpaintpros-com/locations/us-central1/functions:generateUploadUrl  
 
[debug] [2020-01-29T14:44:27.905Z] <<< HTTP RESPONSE 200
[debug] [2020-01-29T14:44:27.905Z] >>> HTTP REQUEST PUT https://storage.googleapis.com/gcf-upload-us-central1-d91d9494-cadd-4be0-8cbe-fa06c8a00c93/e5f08568-5154-4638-b5c1-33896743d14e.zip?GoogleAccessId=service-215825672685@gcf-admin-robot.iam.gserviceaccount.com&Expires=1580310867&Signature=ZPXwIEekVuRZhXdZUHBVG70sWGPMS0istd8Al37HY%2BUwmSsgEQ47O%2BJVU2pIpEyHt8HLdwLIL4Ms%2Feq5Crx%2BOnK1mEQXZ6kOZO%2F%2B%2Bag7YU1P7k127cBGHNwLWiRXkbiRs9XmC1Dxp87uTGwkY8sfYBbKkYgchlIvJVB6mMEVowoB5CRe%2B1heEtpIhw%2Bzrwd0pRAbZQBgvoqHZT10ie8UAArI3i7XMTwrW%2FFVb%2BOfVE2PEmkHdjYzYt9loq%2FbNPXN1Mp%2BtVF4mBuDaMAu21D2Ru7XeKHLJYEed1GquD%2BSpNhtVH1o4ZNLaqHdcud6C6q7qLDGpXIjnq1n7J1UdSZTaw%3D%3D  
 <request body omitted>
[debug] [2020-01-29T14:44:46.728Z] ----------------------------------------------------------------------
[debug] [2020-01-29T14:44:46.730Z] Command:       /usr/local/Cellar/node/12.8.1/bin/node /usr/local/bin/firebase deploy --only functions
[debug] [2020-01-29T14:44:46.730Z] CLI Version:   7.3.0
[debug] [2020-01-29T14:44:46.730Z] Platform:      darwin
[debug] [2020-01-29T14:44:46.730Z] Node Version:  v12.8.1
[debug] [2020-01-29T14:44:46.731Z] Time:          Wed Jan 29 2020 07:44:46 GMT-0700 (Mountain Standard Time)
[debug] [2020-01-29T14:44:46.731Z] ----------------------------------------------------------------------
[debug] 
[debug] [2020-01-29T14:44:46.736Z] > command requires scopes: ["email","openid","https://www.googleapis.com/auth/cloudplatformprojects.readonly","https://www.googleapis.com/auth/firebase","https://www.googleapis.com/auth/cloud-platform"]
[debug] [2020-01-29T14:44:46.736Z] > authorizing via signed-in user
[debug] [2020-01-29T14:44:46.736Z] [iam] checking project bransonpaintpros-com for permissions ["cloudfunctions.functions.create","cloudfunctions.functions.delete","cloudfunctions.functions.get","cloudfunctions.functions.list","cloudfunctions.functions.update","cloudfunctions.operations.get","firebase.projects.get"]
[debug] [2020-01-29T14:44:46.737Z] >>> HTTP REQUEST POST https://cloudresourcemanager.googleapis.com/v1/projects/bransonpaintpros-com:testIamPermissions  

[debug] [2020-01-29T14:44:46.946Z] <<< HTTP RESPONSE 200
[info] 
[info] === Deploying to 'bransonpaintpros-com'...
[info] 
[info] i  deploying functions
[debug] [2020-01-29T14:44:47.817Z] > [functions] package.json contents: {
  "name": "functions",
  "description": "Cloud Functions for Firebase",
  "scripts": {
    "serve": "firebase serve --only functions",
    "shell": "firebase functions:shell",
    "start": "npm run shell",
    "deploy": "firebase deploy --only functions",
    "logs": "firebase functions:log"
  },
  "engines": {
    "node": "8"
  },
  "dependencies": {
    "@sendgrid/mail": "^6.5.1",
    "cors": "^2.8.5",
    "firebase-admin": "^8.0.0",
    "firebase-functions": "^3.1.0"
  },
  "devDependencies": {
    "firebase-functions-test": "^0.1.6"
  },
  "private": true
}
[info] i  functions: ensuring necessary APIs are enabled...
[debug] [2020-01-29T14:44:47.818Z] >>> HTTP REQUEST GET https://serviceusage.googleapis.com/v1/projects/bransonpaintpros-com/services/cloudfunctions.googleapis.com  
 
[debug] [2020-01-29T14:44:47.819Z] >>> HTTP REQUEST GET https://serviceusage.googleapis.com/v1/projects/bransonpaintpros-com/services/runtimeconfig.googleapis.com  
 
[debug] [2020-01-29T14:44:48.061Z] <<< HTTP RESPONSE 200
[debug] [2020-01-29T14:44:48.087Z] <<< HTTP RESPONSE 200
[info] ✔  functions: all necessary APIs are enabled
[debug] [2020-01-29T14:44:48.088Z] >>> HTTP REQUEST GET https://firebase.googleapis.com/v1beta1/projects/bransonpaintpros-com/adminSdkConfig  
 
[debug] [2020-01-29T14:44:48.210Z] <<< HTTP RESPONSE 200
[info] i  functions: preparing functions directory for uploading...
[debug] [2020-01-29T14:44:48.212Z] >>> HTTP REQUEST GET https://runtimeconfig.googleapis.com/v1beta1/projects/bransonpaintpros-com/configs  
 
[debug] [2020-01-29T14:44:48.342Z] <<< HTTP RESPONSE 200
[info] i  functions: packaged functions (31.62 KB) for uploading
[debug] [2020-01-29T14:44:48.540Z] >>> HTTP REQUEST POST https://cloudfunctions.googleapis.com/v1/projects/bransonpaintpros-com/locations/us-central1/functions:generateUploadUrl  
 
[debug] [2020-01-29T14:44:49.139Z] <<< HTTP RESPONSE 200
[debug] [2020-01-29T14:44:49.139Z] >>> HTTP REQUEST PUT https://storage.googleapis.com/gcf-upload-us-central1-d91d9494-cadd-4be0-8cbe-fa06c8a00c93/ef46e839-88d5-4a90-bd8b-9bba9efb8f0c.zip?GoogleAccessId=service-215825672685@gcf-admin-robot.iam.gserviceaccount.com&Expires=1580310888&Signature=rjNujwhI2CASzyxwSXq4GqBCD53QfoUS4BHl3FaKjykxGw0njBcxHYkkwzLcBvtiWAppTDRI1h%2BuBngW2q%2BHB1h5jJLTe81rOBxIvC8ouzvY6K%2Bv%2FGAqSTPp5QK3bD%2FLC07ZpyS8nmyQ07ZzgPzrZGJLG8l3bz%2FPLpHY2Otmxco4HPuH1wlXbOtEYAISzsS1MdrwDlW36pHqlTwvE7IGZZRnlAQrLFHSTXa4eOyvQymS%2B3otZu4my0huWiUunHDTlKmWg5bKrYJFw2ew4HdwV7fDHI9%2BiikRZLyuf641gR4eQ7rVxvDTY2Ogwxqm8H5GQ8rofMNyt6NcN0z7KGkg%2FQ%3D%3D  
 <request body omitted>
[debug] [2020-01-29T14:44:49.363Z] <<< HTTP RESPONSE 200
[info] ✔  functions: functions folder uploaded successfully
[debug] [2020-01-29T14:44:49.365Z] >>> HTTP REQUEST GET https://cloudfunctions.googleapis.com/v1/projects/bransonpaintpros-com/locations/-/functions  
 
[debug] [2020-01-29T14:44:49.854Z] <<< HTTP RESPONSE 200
[info] i  functions: updating Node.js 8 function sendQuoteToBret(us-central1)...
[debug] [2020-01-29T14:44:49.857Z] Trigger is:  {"httpsTrigger":{}}
[info] i  functions: updating Node.js 8 function test(us-central1)...
[debug] [2020-01-29T14:44:49.858Z] Trigger is:  {"httpsTrigger":{}}
[debug] [2020-01-29T14:44:49.858Z] >>> HTTP REQUEST GET https://serviceusage.googleapis.com/v1/projects/bransonpaintpros-com/services/cloudscheduler.googleapis.com  
 
[debug] [2020-01-29T14:44:50.077Z] <<< HTTP RESPONSE 200
[debug] [2020-01-29T14:44:50.079Z] >>> HTTP REQUEST PATCH https://cloudfunctions.googleapis.com/v1/projects/bransonpaintpros-com/locations/us-central1/functions/sendQuoteToBret {"updateMask":"sourceUploadUrl,name,labels,runtime,httpsTrigger"} 

[debug] [2020-01-29T14:44:50.080Z] >>> HTTP REQUEST PATCH https://cloudfunctions.googleapis.com/v1/projects/bransonpaintpros-com/locations/us-central1/functions/test {"updateMask":"sourceUploadUrl,name,labels,runtime,httpsTrigger"} 

[debug] [2020-01-29T14:44:50.314Z] <<< HTTP RESPONSE 200
[debug] [2020-01-29T14:44:50.321Z] <<< HTTP RESPONSE 200
[debug] [2020-01-29T14:44:50.322Z] >>> HTTP REQUEST GET https://cloudfunctions.googleapis.com/v1/projects/bransonpaintpros-com/locations/-/functions  
 
[debug] [2020-01-29T14:44:50.622Z] <<< HTTP RESPONSE 200
[debug] [2020-01-29T14:44:50.623Z] >>> HTTP REQUEST GET https://cloudfunctions.googleapis.com/v1/operations/YnJhbnNvbnBhaW50cHJvcy1jb20vdXMtY2VudHJhbDEvc2VuZFF1b3RlVG9CcmV0L01mRHRUTkxXZnhj  
 
[debug] [2020-01-29T14:44:50.623Z] >>> HTTP REQUEST GET https://cloudfunctions.googleapis.com/v1/operations/YnJhbnNvbnBhaW50cHJvcy1jb20vdXMtY2VudHJhbDEvdGVzdC9feU1tQ1d4Q0hoOA  
 
[debug] [2020-01-29T14:44:50.740Z] <<< HTTP RESPONSE 200
[debug] [2020-01-29T14:44:50.742Z] <<< HTTP RESPONSE 200
[debug] [2020-01-29T14:44:52.744Z] >>> HTTP REQUEST GET https://cloudfunctions.googleapis.com/v1/operations/YnJhbnNvbnBhaW50cHJvcy1jb20vdXMtY2VudHJhbDEvdGVzdC9feU1tQ1d4Q0hoOA  
 
[debug] [2020-01-29T14:44:52.744Z] >>> HTTP REQUEST GET https://cloudfunctions.googleapis.com/v1/operations/YnJhbnNvbnBhaW50cHJvcy1jb20vdXMtY2VudHJhbDEvc2VuZFF1b3RlVG9CcmV0L01mRHRUTkxXZnhj  
 
[debug] [2020-01-29T14:44:52.855Z] <<< HTTP RESPONSE 200
[debug] [2020-01-29T14:44:52.865Z] <<< HTTP RESPONSE 200
